2021-02-03 16:20:31,780 INFO org.springframework.boot.StartupInfoLogger [restartedMain] Starting PetclinicApplication on dbrincauus with PID 3652 (C:\Users\david\git\dp1-2020-g2-06\target\classes started by david in C:\Users\david\git\dp1-2020-g2-06)
2021-02-03 16:20:31,783 INFO org.springframework.boot.SpringApplication [restartedMain] No active profile set, falling back to default profiles: default
2021-02-03 16:20:31,839 INFO org.springframework.boot.logging.DeferredLog [restartedMain] The Class-Path manifest attribute in C:\Users\david\.m2\repository\org\glassfish\jaxb\jaxb-runtime\2.3.2\jaxb-runtime-2.3.2.jar referenced one or more files that do not exist: file:/C:/Users/david/.m2/repository/org/glassfish/jaxb/jaxb-runtime/2.3.2/jakarta.xml.bind-api-2.3.2.jar,file:/C:/Users/david/.m2/repository/org/glassfish/jaxb/jaxb-runtime/2.3.2/txw2-2.3.2.jar,file:/C:/Users/david/.m2/repository/org/glassfish/jaxb/jaxb-runtime/2.3.2/istack-commons-runtime-3.0.8.jar,file:/C:/Users/david/.m2/repository/org/glassfish/jaxb/jaxb-runtime/2.3.2/stax-ex-1.8.1.jar,file:/C:/Users/david/.m2/repository/org/glassfish/jaxb/jaxb-runtime/2.3.2/FastInfoset-1.2.16.jar,file:/C:/Users/david/.m2/repository/org/glassfish/jaxb/jaxb-runtime/2.3.2/jakarta.activation-api-1.2.1.jar
2021-02-03 16:20:31,840 INFO org.springframework.boot.logging.DeferredLog [restartedMain] Devtools property defaults active! Set 'spring.devtools.add-properties' to 'false' to disable
2021-02-03 16:20:31,840 INFO org.springframework.boot.logging.DeferredLog [restartedMain] For additional web related logging consider setting the 'logging.level.web' property to 'DEBUG'
2021-02-03 16:20:33,028 INFO org.springframework.data.repository.config.RepositoryConfigurationDelegate [restartedMain] Bootstrapping Spring Data JPA repositories in DEFAULT mode.
2021-02-03 16:20:33,223 INFO org.springframework.data.repository.config.RepositoryConfigurationDelegate [restartedMain] Finished Spring Data repository scanning in 181ms. Found 21 JPA repository interfaces.
2021-02-03 16:20:33,697 INFO org.springframework.context.support.PostProcessorRegistrationDelegate$BeanPostProcessorChecker [restartedMain] Bean 'org.springframework.transaction.annotation.ProxyTransactionManagementConfiguration' of type [org.springframework.transaction.annotation.ProxyTransactionManagementConfiguration] is not eligible for getting processed by all BeanPostProcessors (for example: not eligible for auto-proxying)
2021-02-03 16:20:34,873 INFO org.springframework.boot.web.embedded.tomcat.TomcatWebServer [restartedMain] Tomcat initialized with port(s): 80 (http)
2021-02-03 16:20:34,887 INFO org.apache.juli.logging.DirectJDKLog [restartedMain] Initializing ProtocolHandler ["http-nio-80"]
2021-02-03 16:20:34,888 INFO org.apache.juli.logging.DirectJDKLog [restartedMain] Starting service [Tomcat]
2021-02-03 16:20:34,888 INFO org.apache.juli.logging.DirectJDKLog [restartedMain] Starting Servlet engine: [Apache Tomcat/9.0.30]
2021-02-03 16:20:35,233 INFO org.apache.juli.logging.DirectJDKLog [restartedMain] At least one JAR was scanned for TLDs yet contained no TLDs. Enable debug logging for this logger for a complete list of JARs that were scanned but no TLDs were found in them. Skipping unneeded JARs during scanning can improve startup time and JSP compilation time.
2021-02-03 16:20:35,241 INFO org.apache.juli.logging.DirectJDKLog [restartedMain] Initializing Spring embedded WebApplicationContext
2021-02-03 16:20:35,241 INFO org.springframework.boot.web.servlet.context.ServletWebServerApplicationContext [restartedMain] Root WebApplicationContext: initialization completed in 3401 ms
2021-02-03 16:20:35,313 INFO com.zaxxer.hikari.HikariDataSource [restartedMain] HikariPool-1 - Starting...
2021-02-03 16:20:35,651 INFO com.zaxxer.hikari.HikariDataSource [restartedMain] HikariPool-1 - Start completed.
2021-02-03 16:20:35,658 INFO org.springframework.boot.autoconfigure.h2.H2ConsoleAutoConfiguration [restartedMain] H2 console available at '/h2-console'. Database available at 'jdbc:h2:mem:testdb'
2021-02-03 16:20:35,867 INFO org.hibernate.jpa.internal.util.LogHelper [restartedMain] HHH000204: Processing PersistenceUnitInfo [name: default]
2021-02-03 16:20:35,998 INFO org.hibernate.Version [restartedMain] HHH000412: Hibernate Core {5.4.10.Final}
2021-02-03 16:20:36,200 INFO org.hibernate.annotations.common.reflection.java.JavaReflectionManager [restartedMain] HCANN000001: Hibernate Commons Annotations {5.1.0.Final}
2021-02-03 16:20:36,417 INFO org.hibernate.dialect.Dialect [restartedMain] HHH000400: Using dialect: org.hibernate.dialect.H2Dialect
2021-02-03 16:20:37,797 INFO org.hibernate.engine.transaction.jta.platform.internal.JtaPlatformInitiator [restartedMain] HHH000490: Using JtaPlatform implementation: [org.hibernate.engine.transaction.jta.platform.internal.NoJtaPlatform]
2021-02-03 16:20:37,807 INFO org.springframework.orm.jpa.AbstractEntityManagerFactoryBean [restartedMain] Initialized JPA EntityManagerFactory for persistence unit 'default'
2021-02-03 16:20:37,871 INFO org.springframework.boot.devtools.autoconfigure.OptionalLiveReloadServer [restartedMain] LiveReload server is running on port 35729
2021-02-03 16:20:38,219 WARN org.springframework.boot.autoconfigure.orm.jpa.JpaBaseConfiguration$JpaWebConfiguration [restartedMain] spring.jpa.open-in-view is enabled by default. Therefore, database queries may be performed during view rendering. Explicitly configure spring.jpa.open-in-view to disable this warning
2021-02-03 16:20:39,747 INFO org.springframework.security.web.DefaultSecurityFilterChain [restartedMain] Creating filter chain: any request, [org.springframework.security.web.context.request.async.WebAsyncManagerIntegrationFilter@427e4ff9, org.springframework.security.web.context.SecurityContextPersistenceFilter@5ad02915, org.springframework.security.web.header.HeaderWriterFilter@2fa0a418, org.springframework.security.web.csrf.CsrfFilter@36f8aee4, org.springframework.security.web.authentication.logout.LogoutFilter@6e6089e3, org.springframework.security.web.authentication.UsernamePasswordAuthenticationFilter@1a6e2cdf, org.springframework.security.web.authentication.ui.DefaultLoginPageGeneratingFilter@3bdc9968, org.springframework.security.web.authentication.ui.DefaultLogoutPageGeneratingFilter@3a94681, org.springframework.security.web.savedrequest.RequestCacheAwareFilter@4fdd0329, org.springframework.security.web.servletapi.SecurityContextHolderAwareRequestFilter@5a5bef04, org.springframework.security.web.authentication.AnonymousAuthenticationFilter@2efb9e51, org.springframework.security.web.session.SessionManagementFilter@47eb30c, org.springframework.security.web.access.ExceptionTranslationFilter@51aac4f, org.springframework.security.web.access.intercept.FilterSecurityInterceptor@65681fd5]
2021-02-03 16:20:39,881 INFO org.springframework.scheduling.concurrent.ExecutorConfigurationSupport [restartedMain] Initializing ExecutorService 'applicationTaskExecutor'
2021-02-03 16:20:40,803 INFO org.apache.juli.logging.DirectJDKLog [restartedMain] Starting ProtocolHandler ["http-nio-80"]
2021-02-03 16:20:40,854 INFO org.springframework.boot.web.embedded.tomcat.TomcatWebServer [restartedMain] Tomcat started on port(s): 80 (http) with context path ''
2021-02-03 16:20:40,857 INFO org.springframework.boot.StartupInfoLogger [restartedMain] Started PetclinicApplication in 9.554 seconds (JVM running for 10.56)
2021-02-03 16:20:40,859 INFO org.springframework.samples.petclinic.PetclinicApplication [restartedMain] La aplicacion se ha iniciado correctamente :)
2021-02-03 16:20:40,860 INFO org.springframework.samples.petclinic.PetclinicApplication [restartedMain] Se esta ejecutando una version aun en desarrollo
2021-02-03 16:20:44,740 INFO org.springframework.scheduling.concurrent.ExecutorConfigurationSupport [Thread-5] Shutting down ExecutorService 'applicationTaskExecutor'
2021-02-03 16:20:44,745 INFO org.springframework.orm.jpa.AbstractEntityManagerFactoryBean [Thread-5] Closing JPA EntityManagerFactory for persistence unit 'default'
2021-02-03 16:20:44,745 INFO org.hibernate.tool.schema.internal.SchemaDropperImpl$DelayedDropActionImpl [Thread-5] HHH000477: Starting delayed evictData of schema as part of SessionFactory shut-down'
2021-02-03 16:20:44,750 ERROR org.hibernate.tool.schema.internal.SchemaDropperImpl$DelayedDropActionImpl [Thread-5] HHH000478: Unsuccessful: 
    drop table administradores if exists
2021-02-03 16:20:44,751 ERROR org.hibernate.tool.schema.internal.SchemaDropperImpl$DelayedDropActionImpl [Thread-5] HHH000478: Unsuccessful: 
    drop table alumnos if exists
2021-02-03 16:20:44,751 ERROR org.hibernate.tool.schema.internal.SchemaDropperImpl$DelayedDropActionImpl [Thread-5] HHH000478: Unsuccessful: 
    drop table articulos if exists
2021-02-03 16:20:44,753 ERROR org.hibernate.tool.schema.internal.SchemaDropperImpl$DelayedDropActionImpl [Thread-5] HHH000478: Unsuccessful: 
    drop table creadores if exists
2021-02-03 16:20:44,755 ERROR org.hibernate.tool.schema.internal.SchemaDropperImpl$DelayedDropActionImpl [Thread-5] HHH000478: Unsuccessful: 
    drop table noticias if exists
2021-02-03 16:20:44,756 ERROR org.hibernate.tool.schema.internal.SchemaDropperImpl$DelayedDropActionImpl [Thread-5] HHH000478: Unsuccessful: 
    drop table owners if exists
2021-02-03 16:20:44,756 ERROR org.hibernate.tool.schema.internal.SchemaDropperImpl$DelayedDropActionImpl [Thread-5] HHH000478: Unsuccessful: 
    drop table pets if exists
2021-02-03 16:20:44,758 ERROR org.hibernate.tool.schema.internal.SchemaDropperImpl$DelayedDropActionImpl [Thread-5] HHH000478: Unsuccessful: 
    drop table specialties if exists
2021-02-03 16:20:44,759 ERROR org.hibernate.tool.schema.internal.SchemaDropperImpl$DelayedDropActionImpl [Thread-5] HHH000478: Unsuccessful: 
    drop table tutores if exists
2021-02-03 16:20:44,760 ERROR org.hibernate.tool.schema.internal.SchemaDropperImpl$DelayedDropActionImpl [Thread-5] HHH000478: Unsuccessful: 
    drop table types if exists
2021-02-03 16:20:44,760 ERROR org.hibernate.tool.schema.internal.SchemaDropperImpl$DelayedDropActionImpl [Thread-5] HHH000478: Unsuccessful: 
    drop table users if exists
2021-02-03 16:20:44,969 WARN org.springframework.beans.factory.support.DisposableBeanAdapter [Thread-5] Invocation of destroy method failed on bean with name 'inMemoryDatabaseShutdownExecutor': org.h2.jdbc.JdbcSQLNonTransientConnectionException: La base de datos ya esta cerrada (para des-habilitar el cerrado automatico durante el shutdown de la VM, agregue ";DB_CLOSE_ON_EXIT=FALSE" a la URL de conexión)
Database is already closed (to disable automatic closing at VM shutdown, add ";DB_CLOSE_ON_EXIT=FALSE" to the db URL) [90121-200]
2021-02-03 16:20:44,970 INFO com.zaxxer.hikari.HikariDataSource [Thread-5] HikariPool-1 - Shutdown initiated...
2021-02-03 16:20:44,972 INFO com.zaxxer.hikari.HikariDataSource [Thread-5] HikariPool-1 - Shutdown completed.
2021-02-03 16:20:45,361 INFO org.springframework.boot.StartupInfoLogger [restartedMain] Starting PetclinicApplication on dbrincauus with PID 3652 (C:\Users\david\git\dp1-2020-g2-06\target\classes started by david in C:\Users\david\git\dp1-2020-g2-06)
2021-02-03 16:20:45,361 INFO org.springframework.boot.SpringApplication [restartedMain] No active profile set, falling back to default profiles: default
2021-02-03 16:20:45,680 INFO org.springframework.data.repository.config.RepositoryConfigurationDelegate [restartedMain] Bootstrapping Spring Data JPA repositories in DEFAULT mode.
2021-02-03 16:20:45,766 INFO org.springframework.data.repository.config.RepositoryConfigurationDelegate [restartedMain] Finished Spring Data repository scanning in 85ms. Found 21 JPA repository interfaces.
2021-02-03 16:20:45,863 INFO org.springframework.context.support.PostProcessorRegistrationDelegate$BeanPostProcessorChecker [restartedMain] Bean 'org.springframework.transaction.annotation.ProxyTransactionManagementConfiguration' of type [org.springframework.transaction.annotation.ProxyTransactionManagementConfiguration] is not eligible for getting processed by all BeanPostProcessors (for example: not eligible for auto-proxying)
2021-02-03 16:20:45,972 INFO org.springframework.boot.web.embedded.tomcat.TomcatWebServer [restartedMain] Tomcat initialized with port(s): 80 (http)
2021-02-03 16:20:45,973 INFO org.apache.juli.logging.DirectJDKLog [restartedMain] Initializing ProtocolHandler ["http-nio-80"]
2021-02-03 16:20:45,973 INFO org.apache.juli.logging.DirectJDKLog [restartedMain] Starting service [Tomcat]
2021-02-03 16:20:45,974 INFO org.apache.juli.logging.DirectJDKLog [restartedMain] Starting Servlet engine: [Apache Tomcat/9.0.30]
2021-02-03 16:20:46,077 INFO org.apache.juli.logging.DirectJDKLog [restartedMain] At least one JAR was scanned for TLDs yet contained no TLDs. Enable debug logging for this logger for a complete list of JARs that were scanned but no TLDs were found in them. Skipping unneeded JARs during scanning can improve startup time and JSP compilation time.
2021-02-03 16:20:46,080 INFO org.apache.juli.logging.DirectJDKLog [restartedMain] Initializing Spring embedded WebApplicationContext
2021-02-03 16:20:46,080 INFO org.springframework.boot.web.servlet.context.ServletWebServerApplicationContext [restartedMain] Root WebApplicationContext: initialization completed in 716 ms
2021-02-03 16:20:46,094 INFO com.zaxxer.hikari.HikariDataSource [restartedMain] HikariPool-2 - Starting...
2021-02-03 16:20:46,096 INFO com.zaxxer.hikari.HikariDataSource [restartedMain] HikariPool-2 - Start completed.
2021-02-03 16:20:46,096 INFO org.springframework.boot.autoconfigure.h2.H2ConsoleAutoConfiguration [restartedMain] H2 console available at '/h2-console'. Database available at 'jdbc:h2:mem:testdb'
2021-02-03 16:20:46,143 INFO org.hibernate.jpa.internal.util.LogHelper [restartedMain] HHH000204: Processing PersistenceUnitInfo [name: default]
2021-02-03 16:20:46,153 INFO org.hibernate.dialect.Dialect [restartedMain] HHH000400: Using dialect: org.hibernate.dialect.H2Dialect
2021-02-03 16:20:46,473 INFO org.hibernate.engine.transaction.jta.platform.internal.JtaPlatformInitiator [restartedMain] HHH000490: Using JtaPlatform implementation: [org.hibernate.engine.transaction.jta.platform.internal.NoJtaPlatform]
2021-02-03 16:20:46,473 INFO org.springframework.orm.jpa.AbstractEntityManagerFactoryBean [restartedMain] Initialized JPA EntityManagerFactory for persistence unit 'default'
2021-02-03 16:20:46,484 INFO org.springframework.boot.devtools.autoconfigure.OptionalLiveReloadServer [restartedMain] LiveReload server is running on port 35729
2021-02-03 16:20:46,548 WARN org.springframework.boot.autoconfigure.orm.jpa.JpaBaseConfiguration$JpaWebConfiguration [restartedMain] spring.jpa.open-in-view is enabled by default. Therefore, database queries may be performed during view rendering. Explicitly configure spring.jpa.open-in-view to disable this warning
2021-02-03 16:20:46,912 INFO org.springframework.security.web.DefaultSecurityFilterChain [restartedMain] Creating filter chain: any request, [org.springframework.security.web.context.request.async.WebAsyncManagerIntegrationFilter@4bcc705b, org.springframework.security.web.context.SecurityContextPersistenceFilter@3b3ad6ee, org.springframework.security.web.header.HeaderWriterFilter@17a63353, org.springframework.security.web.csrf.CsrfFilter@6a4ebcb9, org.springframework.security.web.authentication.logout.LogoutFilter@6c726d42, org.springframework.security.web.authentication.UsernamePasswordAuthenticationFilter@63a203d3, org.springframework.security.web.authentication.ui.DefaultLoginPageGeneratingFilter@6e93070d, org.springframework.security.web.authentication.ui.DefaultLogoutPageGeneratingFilter@5b125d0c, org.springframework.security.web.savedrequest.RequestCacheAwareFilter@1cbe6a19, org.springframework.security.web.servletapi.SecurityContextHolderAwareRequestFilter@3a24fe76, org.springframework.security.web.authentication.AnonymousAuthenticationFilter@35323e57, org.springframework.security.web.session.SessionManagementFilter@248e1db2, org.springframework.security.web.access.ExceptionTranslationFilter@3d634818, org.springframework.security.web.access.intercept.FilterSecurityInterceptor@18bede1f]
2021-02-03 16:20:46,948 INFO org.springframework.scheduling.concurrent.ExecutorConfigurationSupport [restartedMain] Initializing ExecutorService 'applicationTaskExecutor'
2021-02-03 16:20:47,216 INFO org.apache.juli.logging.DirectJDKLog [restartedMain] Starting ProtocolHandler ["http-nio-80"]
2021-02-03 16:20:47,221 INFO org.springframework.boot.web.embedded.tomcat.TomcatWebServer [restartedMain] Tomcat started on port(s): 80 (http) with context path ''
2021-02-03 16:20:47,222 INFO org.springframework.boot.StartupInfoLogger [restartedMain] Started PetclinicApplication in 1.888 seconds (JVM running for 16.926)
2021-02-03 16:20:47,224 INFO org.springframework.boot.devtools.autoconfigure.ConditionEvaluationDeltaLoggingListener [restartedMain] Condition evaluation unchanged
2021-02-03 16:20:47,224 INFO org.springframework.samples.petclinic.PetclinicApplication [restartedMain] La aplicacion se ha iniciado correctamente :)
2021-02-03 16:20:47,224 INFO org.springframework.samples.petclinic.PetclinicApplication [restartedMain] Se esta ejecutando una version aun en desarrollo
2021-02-03 16:21:09,287 INFO org.apache.juli.logging.DirectJDKLog [http-nio-80-exec-1] Initializing Spring DispatcherServlet 'dispatcherServlet'
2021-02-03 16:21:09,288 INFO org.springframework.web.servlet.FrameworkServlet [http-nio-80-exec-1] Initializing Servlet 'dispatcherServlet'
2021-02-03 16:21:09,292 INFO org.springframework.web.servlet.FrameworkServlet [http-nio-80-exec-1] Completed initialization in 4 ms
